H.sapiens_SLC39A13_zinc_transporter_ZIP13_isoform_X1	100.000	371	0	0	0.0	733	H.sapiens_SLC39A13_zinc_transporter_ZIP13_isoform_X1
E.caballus_SLC39A13_zinc_transporter_ZIP13_isoform_X1	90.591	372	26	3	0.0	614	E.caballus_SLC39A13_zinc_transporter_ZIP13_isoform_X1
G.gangeticus_SLC39A13_PREDICTED_zinc_transporter_ZIP13	64.456	377	110	4	1.03e-154	443	G.gangeticus_SLC39A13_PREDICTED_zinc_transporter_ZIP13
S.townsendi_SLC39A13_zinc_transporter_ZIP13	62.797	379	98	8	6.49e-151	433	S.townsendi_SLC39A13_zinc_transporter_ZIP13
F.catus_SLC39A13_zinc_transporter_ZIP13_isoform_X1	89.892	277	14	4	5.52e-148	433	F.catus_SLC39A13_zinc_transporter_ZIP13_isoform_X1
C.mydas_SLC39A13_zinc_transporter_ZIP13	65.092	381	101	4	1.90e-146	422	C.mydas_SLC39A13_zinc_transporter_ZIP13
X.laevis_slc39a13.L_zinc_transporter_ZIP13_isoform_X1	66.019	309	90	5	3.42e-133	387	X.laevis_slc39a13.L_zinc_transporter_ZIP13_isoform_X1
C.carcharias_slc39a13_zinc_transporter_ZIP13	57.263	358	116	5	6.15e-132	386	C.carcharias_slc39a13_zinc_transporter_ZIP13
X.laevis_slc39a13.S_zinc_transporter_ZIP13	64.762	315	86	6	2.87e-131	382	X.laevis_slc39a13.S_zinc_transporter_ZIP13
S.canicula_slc39a13_zinc_transporter_ZIP13	55.313	367	113	7	3.01e-129	379	S.canicula_slc39a13_zinc_transporter_ZIP13
C.carpio_LOC109094209_zinc_transporter_ZIP13_isoform_X1	56.176	340	123	4	8.99e-121	358	C.carpio_LOC109094209_zinc_transporter_ZIP13_isoform_X1
S.salar_slc39a13_zinc_transporter_ZIP13_precursor	59.692	325	109	6	2.79e-119	353	S.salar_slc39a13_zinc_transporter_ZIP13_precursor
D.rerio_slc39a13_zinc_transporter_ZIP13	58.410	327	110	5	2.34e-118	351	D.rerio_slc39a13_zinc_transporter_ZIP13
C.carpio_LOC109093802_zinc_transporter_ZIP13like_isoform_X1	57.492	327	113	5	3.01e-117	349	C.carpio_LOC109093802_zinc_transporter_ZIP13like_isoform_X1
S.salar_LOC106563524_zinc_transporter_ZIP13_isoform_X2	53.514	370	105	6	3.64e-113	339	S.salar_LOC106563524_zinc_transporter_ZIP13_isoform_X2
G.aculeatus_slc39a13_zinc_transporter_ZIP13_isoform_X2	58.567	321	109	6	2.15e-112	335	G.aculeatus_slc39a13_zinc_transporter_ZIP13_isoform_X2
P.marinus_SLC39A13_NA	51.205	332	127	4	1.48e-98	303	P.marinus_SLC39A13_NA
G.gallus_SLC39A13_zinc_transporter_ZIP13_isoform_X1	65.984	244	60	5	2.45e-95	294	G.gallus_SLC39A13_zinc_transporter_ZIP13_isoform_X1
B.belcheri_LOC109463185_PREDICTED_LOW_QUALITY_PROTEIN_zinc_transp	45.244	389	142	8	6.47e-94	289	B.belcheri_LOC109463185_PREDICTED_LOW_QUALITY_PROTEIN_zinc_transp
X.laevis_slc39a7.L_solute_carrier_family_39_member_7_L_homeolog_i	37.910	335	167	7	3.30e-58	199	X.laevis_slc39a7.L_solute_carrier_family_39_member_7_L_homeolog_i
S.townsendi_SLC39A7_zinc_transporter_SLC39A7	38.323	334	166	9	4.26e-57	196	S.townsendi_SLC39A7_zinc_transporter_SLC39A7
X.laevis_slc39a7.S_zinc_transporter_SLC39A7_isoform_X1	36.628	344	177	7	1.18e-56	195	X.laevis_slc39a7.S_zinc_transporter_SLC39A7_isoform_X1
C.carcharias_LOC121291098_zinc_transporter_SLC39A7like_isoform_X2	36.499	337	169	7	2.36e-55	191	C.carcharias_LOC121291098_zinc_transporter_SLC39A7like_isoform_X2
S.canicula_slc39a7_zinc_transporter_Slc39a7_isoform_X1	36.461	373	189	11	2.57e-55	191	S.canicula_slc39a7_zinc_transporter_Slc39a7_isoform_X1
C.mydas_SLC39A7_zinc_transporter_SLC39A7_isoform_X1	37.815	357	169	11	5.80e-55	191	C.mydas_SLC39A7_zinc_transporter_SLC39A7_isoform_X1
S.salar_ke4_zinc_transporter_SLC39A7_precursor	36.919	344	177	8	2.96e-54	187	S.salar_ke4_zinc_transporter_SLC39A7_precursor
S.purpuratus_LOC584043_zinc_transporter_ZIP13_isoform_X1	54.098	183	70	3	1.70e-52	183	S.purpuratus_LOC584043_zinc_transporter_ZIP13_isoform_X1
D.rerio_slc39a7_zinc_transporter_Slc39a7_precursor	35.817	349	163	10	3.88e-50	177	D.rerio_slc39a7_zinc_transporter_Slc39a7_precursor
S.salar_slc39a7_zinc_transporter_Slc39a7	36.686	338	171	9	1.52e-49	176	S.salar_slc39a7_zinc_transporter_Slc39a7
C.carpio_LOC109056796_zinc_transporter_Slc39a7	36.858	331	172	8	4.01e-48	171	C.carpio_LOC109056796_zinc_transporter_Slc39a7
F.catus_SLC39A7_zinc_transporter_SLC39A7_isoform_X1	36.446	332	156	9	6.03e-48	172	F.catus_SLC39A7_zinc_transporter_SLC39A7_isoform_X1
H.sapiens_SLC39A7_zinc_transporter_SLC39A7_isoform_1_precursor	37.135	342	163	9	9.15e-48	171	H.sapiens_SLC39A7_zinc_transporter_SLC39A7_isoform_1_precursor
H.sapiens_SLC39A7_zinc_transporter_SLC39A7_isoform_1_precursor	37.135	342	163	9	9.15e-48	171	H.sapiens_SLC39A7_zinc_transporter_SLC39A7_isoform_1_precursor
H.sapiens_SLC39A7_zinc_transporter_SLC39A7_isoform_1_precursor	37.135	342	163	9	9.15e-48	171	H.sapiens_SLC39A7_zinc_transporter_SLC39A7_isoform_1_precursor
H.sapiens_SLC39A7_zinc_transporter_SLC39A7_isoform_1_precursor	37.135	342	163	9	9.15e-48	171	H.sapiens_SLC39A7_zinc_transporter_SLC39A7_isoform_1_precursor
H.sapiens_SLC39A7_zinc_transporter_SLC39A7_isoform_1_precursor	37.135	342	163	9	9.15e-48	171	H.sapiens_SLC39A7_zinc_transporter_SLC39A7_isoform_1_precursor
H.sapiens_SLC39A7_zinc_transporter_SLC39A7_isoform_1_precursor	37.135	342	163	9	9.15e-48	171	H.sapiens_SLC39A7_zinc_transporter_SLC39A7_isoform_1_precursor
B.belcheri_LOC109482456_PREDICTED_protein_catecholamines_uplike	34.492	374	159	11	5.65e-47	170	B.belcheri_LOC109482456_PREDICTED_protein_catecholamines_uplike
C.carpio_LOC109044923_zinc_transporter_Slc39a7like_isoform_X2	36.578	339	172	10	1.84e-46	169	C.carpio_LOC109044923_zinc_transporter_Slc39a7like_isoform_X2
E.caballus_SLC39A7_zinc_transporter_SLC39A7_isoform_X1	34.985	343	146	9	3.64e-46	167	E.caballus_SLC39A7_zinc_transporter_SLC39A7_isoform_X1
S.kowalevskii_LOC100372977_PREDICTED_LOW_QUALITY_PROTEIN_zinc_tra	34.000	350	169	9	5.54e-46	167	S.kowalevskii_LOC100372977_PREDICTED_LOW_QUALITY_PROTEIN_zinc_tra
S.purpuratus_LOC582713_protein_catecholamines_up	32.044	362	185	6	1.20e-45	164	S.purpuratus_LOC582713_protein_catecholamines_up
P.marinus_SLC39A7_NA	34.501	371	165	9	4.47e-44	161	P.marinus_SLC39A7_NA
S.kowalevskii_LOC102808884_PREDICTED_zinc_transporter_ZIP13like	55.469	128	50	1	5.88e-42	146	S.kowalevskii_LOC102808884_PREDICTED_zinc_transporter_ZIP13like
X.laevis_LOC121393448_zinc_transporter_ZIP13like	77.333	75	17	0	1.43e-31	119	X.laevis_LOC121393448_zinc_transporter_ZIP13like
X.laevis_LOC121393446_zinc_transporter_ZIP13like	68.132	91	24	2	2.12e-30	119	X.laevis_LOC121393446_zinc_transporter_ZIP13like
C.mydas_SLC39A4_zinc_transporter_ZIP4_isoform_X1	30.179	391	212	13	3.94e-27	116	C.mydas_SLC39A4_zinc_transporter_ZIP4_isoform_X1
S.kowalevskii_LOC102808771_PREDICTED_zinc_transporter_ZIP13like	46.218	119	58	2	5.15e-26	108	S.kowalevskii_LOC102808771_PREDICTED_zinc_transporter_ZIP13like
C.carcharias_slc39a4_zinc_transporter_ZIP4_isoform_X1	28.065	367	200	12	1.33e-25	112	C.carcharias_slc39a4_zinc_transporter_ZIP4_isoform_X1
X.laevis_slc39a4.S_zinc_transporter_ZIP4	27.792	385	202	15	2.04e-25	111	X.laevis_slc39a4.S_zinc_transporter_ZIP4
S.canicula_slc39a4_zinc_transporter_ZIP4_isoform_X2	27.596	366	206	12	4.26e-25	110	S.canicula_slc39a4_zinc_transporter_ZIP4_isoform_X2
S.salar_LOC106597874_zinc_transporter_ZIP4like	28.328	293	167	6	2.23e-22	101	S.salar_LOC106597874_zinc_transporter_ZIP4like
S.salar_LOC106598043_zinc_transporter_ZIP4like	28.328	293	167	6	6.33e-22	100	S.salar_LOC106598043_zinc_transporter_ZIP4like
S.salar_LOC106588961_zinc_transporter_ZIP4like	28.328	293	167	6	8.06e-22	100	S.salar_LOC106588961_zinc_transporter_ZIP4like
S.salar_LOC106597642_zinc_transporter_ZIP4like	28.328	293	167	6	8.06e-22	100	S.salar_LOC106597642_zinc_transporter_ZIP4like
E.caballus_SLC39A4_zinc_transporter_ZIP4	28.108	370	209	10	1.19e-21	100	E.caballus_SLC39A4_zinc_transporter_ZIP4
S.townsendi_SLC39A4_zinc_transporter_ZIP4	40.000	155	78	4	7.11e-21	91.7	S.townsendi_SLC39A4_zinc_transporter_ZIP4
S.salar_LOC106567179_zinc_transporter_ZIP5like_isoform_X1	31.333	300	150	13	1.46e-20	97.1	S.salar_LOC106567179_zinc_transporter_ZIP5like_isoform_X1
C.carpio_LOC109054111_zinc_transporter_ZIP4	29.412	289	161	6	2.04e-20	96.7	C.carpio_LOC109054111_zinc_transporter_ZIP4
S.salar_LOC106572526_zinc_transporter_ZIP10	31.818	286	151	11	2.16e-20	96.3	S.salar_LOC106572526_zinc_transporter_ZIP10
S.salar_slc39a4_zinc_transporter_ZIP4_isoform_X2	27.931	290	168	7	2.94e-20	96.3	S.salar_slc39a4_zinc_transporter_ZIP4_isoform_X2
P.marinus_LOC116950710_NA	36.306	157	87	2	3.75e-20	95.9	P.marinus_LOC116950710_NA
G.aculeatus_LOC120811598_zinc_transporter_ZIP12like	29.020	255	151	5	3.78e-20	95.9	G.aculeatus_LOC120811598_zinc_transporter_ZIP12like
S.salar_LOC106590132_zinc_transporter_ZIP12_isoform_X2	28.938	273	145	8	1.92e-19	93.6	S.salar_LOC106590132_zinc_transporter_ZIP12_isoform_X2
S.townsendi_SLC39A5_zinc_transporter_ZIP5	27.726	321	165	8	5.86e-19	92.0	S.townsendi_SLC39A5_zinc_transporter_ZIP5
H.sapiens_SLC39A12_zinc_transporter_ZIP12_isoform_1_precursor	28.938	273	152	9	6.23e-19	92.0	H.sapiens_SLC39A12_zinc_transporter_ZIP12_isoform_1_precursor
P.marinus_LOC116940801_NA	25.872	344	192	11	1.51e-18	90.9	P.marinus_LOC116940801_NA
X.laevis_slc39a12.S_zinc_transporter_ZIP12	26.882	279	156	8	1.57e-18	90.9	X.laevis_slc39a12.S_zinc_transporter_ZIP12
H.sapiens_SLC39A4_zinc_transporter_ZIP4_isoform_4_precursor	40.373	161	83	3	3.23e-18	90.1	H.sapiens_SLC39A4_zinc_transporter_ZIP4_isoform_4_precursor
X.laevis_slc39a14.L_metal_cation_symporter_ZIP14_isoform_X2	27.507	349	182	11	3.42e-18	89.7	X.laevis_slc39a14.L_metal_cation_symporter_ZIP14_isoform_X2
C.carpio_slc39a5_zinc_transporter_ZIP5	28.623	276	159	9	3.82e-18	89.7	C.carpio_slc39a5_zinc_transporter_ZIP5
H.sapiens_SLC39A4_zinc_transporter_ZIP4_isoform_4_precursor	40.373	161	83	3	3.96e-18	89.7	H.sapiens_SLC39A4_zinc_transporter_ZIP4_isoform_4_precursor
F.catus_SLC39A4_zinc_transporter_ZIP4_isoform_X1	28.338	367	209	11	7.64e-18	89.0	F.catus_SLC39A4_zinc_transporter_ZIP4_isoform_X1
E.caballus_SLC39A12_zinc_transporter_ZIP12_isoform_X2	28.986	276	148	9	7.85e-18	89.0	E.caballus_SLC39A12_zinc_transporter_ZIP12_isoform_X2
G.aculeatus_slc39a4_zinc_transporter_ZIP4	25.656	343	200	10	8.72e-18	89.0	G.aculeatus_slc39a4_zinc_transporter_ZIP4
F.catus_SLC39A12_zinc_transporter_ZIP12_isoform_X1	29.348	276	147	10	9.34e-18	88.6	F.catus_SLC39A12_zinc_transporter_ZIP12_isoform_X1
D.rerio_slc39a5_zinc_transporter_ZIP5_isoform_X1	29.455	275	158	9	9.48e-18	88.6	D.rerio_slc39a5_zinc_transporter_ZIP5_isoform_X1
D.rerio_slc39a5_zinc_transporter_ZIP5_isoform_X1	29.455	275	158	9	1.14e-17	88.2	D.rerio_slc39a5_zinc_transporter_ZIP5_isoform_X1
S.canicula_LOC119966421_zinc_transporter_ZIP12like_isoform_X2	27.372	274	155	9	1.46e-17	88.2	S.canicula_LOC119966421_zinc_transporter_ZIP12like_isoform_X2
X.laevis_slc39a5.L_zinc_transporter_ZIP10	28.571	364	182	14	3.16e-17	87.0	X.laevis_slc39a5.L_zinc_transporter_ZIP10
D.rerio_slc39a6_zinc_transporter_ZIP6	34.395	157	87	4	3.19e-17	87.0	D.rerio_slc39a6_zinc_transporter_ZIP6
C.carpio_LOC109070076_NA	35.484	155	84	4	3.81e-17	87.0	C.carpio_LOC109070076_NA
C.mydas_SLC39A12_zinc_transporter_ZIP12_isoform_X3	24.857	350	199	14	4.89e-17	86.7	C.mydas_SLC39A12_zinc_transporter_ZIP12_isoform_X3
G.gallus_SLC39A12_zinc_transporter_ZIP12_isoform_X5	25.725	276	156	9	5.31e-17	86.3	G.gallus_SLC39A12_zinc_transporter_ZIP12_isoform_X5
C.carcharias_LOC121273254_zinc_transporter_ZIP10like	28.986	207	126	3	1.67e-16	84.7	C.carcharias_LOC121273254_zinc_transporter_ZIP10like
G.gangeticus_SLC39A12_PREDICTED_zinc_transporter_ZIP12	28.800	250	144	6	2.53e-16	84.3	G.gangeticus_SLC39A12_PREDICTED_zinc_transporter_ZIP12
P.marinus_LOC116938715_NA	37.500	136	70	3	3.18e-16	84.3	P.marinus_LOC116938715_NA
G.aculeatus_slc39a10_zinc_transporter_ZIP10_isoform_X1	33.750	160	84	5	3.33e-16	84.0	G.aculeatus_slc39a10_zinc_transporter_ZIP10_isoform_X1
S.purpuratus_LOC115927230_zinc_transporter_ZIP10like	24.756	307	180	6	4.02e-16	82.4	S.purpuratus_LOC115927230_zinc_transporter_ZIP10like
S.purpuratus_LOC115927218_zinc_transporter_ZIP10like	24.756	307	180	6	4.47e-16	82.0	S.purpuratus_LOC115927218_zinc_transporter_ZIP10like
S.canicula_slc39a10_zinc_transporter_ZIP10_isoform_X1	34.177	158	86	4	5.66e-16	83.2	S.canicula_slc39a10_zinc_transporter_ZIP10_isoform_X1
S.kowalevskii_LOC100369756_PREDICTED_zinc_transporter_ZIP12like_p	32.215	149	86	4	5.69e-16	79.0	S.kowalevskii_LOC100369756_PREDICTED_zinc_transporter_ZIP12like_p
C.carpio_slc39a6_LOW_QUALITY_PROTEIN_zinc_transporter_ZIP6	33.548	155	87	4	5.91e-16	83.2	C.carpio_slc39a6_LOW_QUALITY_PROTEIN_zinc_transporter_ZIP6
S.purpuratus_LOC105439789_zinc_transporter_ZIP10	23.699	346	206	8	7.04e-16	83.2	S.purpuratus_LOC105439789_zinc_transporter_ZIP10
C.carpio_LOC109055878_metal_cation_symporter_ZIP8	27.742	310	160	10	7.66e-16	82.4	C.carpio_LOC109055878_metal_cation_symporter_ZIP8
C.carcharias_LOC121276002_zinc_transporter_ZIP12like	36.434	129	68	3	1.24e-15	82.4	C.carcharias_LOC121276002_zinc_transporter_ZIP12like
C.mydas_SLC39A5_zinc_transporter_ZIP5	26.433	314	154	10	1.25e-15	82.0	C.mydas_SLC39A5_zinc_transporter_ZIP5
S.salar_LOC106578724_zinc_transporter_ZIP12like	30.286	175	104	3	1.35e-15	79.3	S.salar_LOC106578724_zinc_transporter_ZIP12like
S.salar_slc39a10_zinc_transporter_ZIP10_isoform_X1	32.298	161	85	4	1.64e-15	82.0	S.salar_slc39a10_zinc_transporter_ZIP10_isoform_X1
S.purpuratus_LOC115927215_zinc_transporter_ZIP4like_isoform_X1	24.430	307	181	7	1.87e-15	81.3	S.purpuratus_LOC115927215_zinc_transporter_ZIP4like_isoform_X1
C.carcharias_slc39a10_zinc_transporter_ZIP10_isoform_X3	34.177	158	86	4	1.91e-15	81.6	C.carcharias_slc39a10_zinc_transporter_ZIP10_isoform_X3
X.laevis_slc39a14.S_metal_cation_symporter_ZIP14	28.803	309	153	12	2.03e-15	81.3	X.laevis_slc39a14.S_metal_cation_symporter_ZIP14
P.marinus_LOC116942510_NA	37.681	138	67	3	2.18e-15	80.9	P.marinus_LOC116942510_NA
S.purpuratus_LOC105440987_zinc_transporter_ZIP10like	30.909	165	100	3	2.95e-15	77.8	S.purpuratus_LOC105440987_zinc_transporter_ZIP10like
D.rerio_slc39a10_zinc_transporter_ZIP10_isoform_X2	33.758	157	88	5	3.65e-15	80.9	D.rerio_slc39a10_zinc_transporter_ZIP10_isoform_X2
C.carpio_LOC109072078_zinc_transporter_ZIP10like	34.810	158	85	6	3.88e-15	80.9	C.carpio_LOC109072078_zinc_transporter_ZIP10like
S.salar_slc39a14_metal_cation_symporter_ZIP14_isoform_X2	25.429	350	191	10	3.93e-15	80.5	S.salar_slc39a14_metal_cation_symporter_ZIP14_isoform_X2
C.carcharias_LOC121278981_zinc_transporter_ZIP6like_isoform_X1	33.121	157	85	4	3.95e-15	80.9	C.carcharias_LOC121278981_zinc_transporter_ZIP6like_isoform_X1
G.aculeatus_slc39a6_zinc_transporter_ZIP6_isoform_X1	31.613	155	90	3	4.35e-15	80.5	G.aculeatus_slc39a6_zinc_transporter_ZIP6_isoform_X1
X.laevis_LOC108703056_zinc_transporter_ZIP10_isoform_X1	32.298	161	87	4	5.38e-15	80.5	X.laevis_LOC108703056_zinc_transporter_ZIP10_isoform_X1
S.purpuratus_LOC115927216_zinc_transporter_ZIP4like	24.430	307	181	7	6.14e-15	80.1	S.purpuratus_LOC115927216_zinc_transporter_ZIP4like
G.gallus_SLC39A10_zinc_transporter_ZIP10_isoform_X1	31.250	176	94	5	7.76e-15	80.1	G.gallus_SLC39A10_zinc_transporter_ZIP10_isoform_X1
S.townsendi_SLC39A6_zinc_transporter_ZIP6_isoform_X2	32.258	155	89	4	7.94e-15	79.7	S.townsendi_SLC39A6_zinc_transporter_ZIP6_isoform_X2
S.kowalevskii_LOC100370499_PREDICTED_zinc_transporter_ZIP10like_p	33.775	151	87	3	8.27e-15	77.0	S.kowalevskii_LOC100370499_PREDICTED_zinc_transporter_ZIP10like_p
S.purpuratus_LOC582438_zinc_transporter_ZIP8	23.871	310	182	7	8.38e-15	79.7	S.purpuratus_LOC582438_zinc_transporter_ZIP8
S.purpuratus_LOC115927228_zinc_transporter_ZIP10like	32.468	154	90	3	9.66e-15	74.7	S.purpuratus_LOC115927228_zinc_transporter_ZIP10like
S.purpuratus_LOC115927227_zinc_transporter_ZIP10like	31.818	154	91	3	9.76e-15	74.7	S.purpuratus_LOC115927227_zinc_transporter_ZIP10like
X.laevis_slc39a10.L_zinc_transporter_ZIP10	32.298	161	87	4	1.06e-14	79.3	X.laevis_slc39a10.L_zinc_transporter_ZIP10
S.purpuratus_LOC115927091_zinc_transporter_ZIP12like	31.818	154	91	3	1.08e-14	74.3	S.purpuratus_LOC115927091_zinc_transporter_ZIP12like
S.purpuratus_LOC115927229_zinc_transporter_ZIP8like	24.756	307	180	6	1.11e-14	79.3	S.purpuratus_LOC115927229_zinc_transporter_ZIP8like
C.carpio_LOC109093300_metal_cation_symporter_ZIP8like	26.367	311	166	8	1.20e-14	78.6	C.carpio_LOC109093300_metal_cation_symporter_ZIP8like
S.townsendi_SLC39A10_zinc_transporter_ZIP10	31.250	176	94	5	1.28e-14	79.3	S.townsendi_SLC39A10_zinc_transporter_ZIP10
G.aculeatus_slc39a14_metal_cation_symporter_ZIP14_isoform_X1	25.905	359	190	10	1.43e-14	79.0	G.aculeatus_slc39a14_metal_cation_symporter_ZIP14_isoform_X1
S.townsendi_SLC39A12_zinc_transporter_ZIP12	32.308	130	72	3	1.49e-14	73.9	S.townsendi_SLC39A12_zinc_transporter_ZIP12
G.gallus_SLC39A6_zinc_transporter_ZIP6	32.258	155	89	4	1.51e-14	79.0	G.gallus_SLC39A6_zinc_transporter_ZIP6
H.sapiens_SLC39A10_zinc_transporter_ZIP10_isoform_X1	32.298	161	87	4	1.54e-14	79.0	H.sapiens_SLC39A10_zinc_transporter_ZIP10_isoform_X1
C.mydas_SLC39A6_zinc_transporter_ZIP6	32.258	155	89	4	1.54e-14	79.0	C.mydas_SLC39A6_zinc_transporter_ZIP6
C.mydas_SLC39A10_zinc_transporter_ZIP10_isoform_X2	30.682	176	95	5	1.55e-14	79.0	C.mydas_SLC39A10_zinc_transporter_ZIP10_isoform_X2
G.gangeticus_SLC39A6_PREDICTED_zinc_transporter_ZIP6_isoform_X1	32.258	155	89	4	1.61e-14	79.0	G.gangeticus_SLC39A6_PREDICTED_zinc_transporter_ZIP6_isoform_X1
C.carpio_LOC109072070_zinc_transporter_ZIP10like_isoform_X1	34.615	156	84	6	1.67e-14	79.0	C.carpio_LOC109072070_zinc_transporter_ZIP10like_isoform_X1
S.kowalevskii_LOC100367064_PREDICTED_zinc_transporter_ZIP12like	32.886	149	85	3	1.91e-14	78.6	S.kowalevskii_LOC100367064_PREDICTED_zinc_transporter_ZIP12like
F.catus_SLC39A6_zinc_transporter_ZIP6	32.258	155	89	4	1.96e-14	78.6	F.catus_SLC39A6_zinc_transporter_ZIP6
E.caballus_SLC39A6_zinc_transporter_ZIP6	32.258	155	89	4	1.96e-14	78.6	E.caballus_SLC39A6_zinc_transporter_ZIP6
S.purpuratus_LOC588639_zinc_transporter_ZIP8	24.756	307	180	8	2.09e-14	78.6	S.purpuratus_LOC588639_zinc_transporter_ZIP8
F.catus_SLC39A10_zinc_transporter_ZIP10	31.677	161	88	4	2.17e-14	78.6	F.catus_SLC39A10_zinc_transporter_ZIP10
G.gangeticus_SLC39A10_PREDICTED_zinc_transporter_ZIP10	30.114	176	96	5	2.22e-14	78.6	G.gangeticus_SLC39A10_PREDICTED_zinc_transporter_ZIP10
B.belcheri_LOC109464811_PREDICTED_zinc_transporter_ZIP10like	29.651	172	93	2	2.52e-14	77.8	B.belcheri_LOC109464811_PREDICTED_zinc_transporter_ZIP10like
S.kowalevskii_LOC100372385_PREDICTED_zinc_transporter_ZIP10like	31.707	164	96	3	2.93e-14	77.8	S.kowalevskii_LOC100372385_PREDICTED_zinc_transporter_ZIP10like
G.gallus_LOC121112015_NA	29.907	214	130	4	3.21e-14	77.8	G.gallus_LOC121112015_NA
H.sapiens_SLC39A14_metal_cation_symporter_ZIP14_isoform_X1	31.500	200	117	4	3.54e-14	77.4	H.sapiens_SLC39A14_metal_cation_symporter_ZIP14_isoform_X1
S.salar_slc39a6_zinc_transporter_ZIP6	31.613	155	90	4	3.85e-14	77.8	S.salar_slc39a6_zinc_transporter_ZIP6
E.caballus_SLC39A10_zinc_transporter_ZIP10_isoform_X1	31.677	161	88	4	4.48e-14	77.4	E.caballus_SLC39A10_zinc_transporter_ZIP10_isoform_X1
H.sapiens_SLC39A6_zinc_transporter_ZIP6_isoform_1_precursor	31.613	155	90	4	4.74e-14	77.4	H.sapiens_SLC39A6_zinc_transporter_ZIP6_isoform_1_precursor
B.belcheri_LOC109482375_PREDICTED_zinc_transporter_ZIP14like	23.467	375	202	11	4.95e-14	77.0	B.belcheri_LOC109482375_PREDICTED_zinc_transporter_ZIP14like
P.marinus_LOC116951042_NA	24.317	366	194	11	6.57e-14	76.3	P.marinus_LOC116951042_NA
C.mydas_SLC39A14_metal_cation_symporter_ZIP14	28.986	207	121	5	7.29e-14	76.6	C.mydas_SLC39A14_metal_cation_symporter_ZIP14
S.salar_slc39a8_metal_cation_symporter_ZIP8_isoform_X1	31.395	172	98	4	8.05e-14	76.3	S.salar_slc39a8_metal_cation_symporter_ZIP8_isoform_X1
C.carcharias_slc39a14_metal_cation_symporter_ZIP14_isoform_X1	30.332	211	121	5	1.12e-13	76.3	C.carcharias_slc39a14_metal_cation_symporter_ZIP14_isoform_X1
S.purpuratus_LOC753062_zinc_transporter_ZIP10like_isoform_X2	32.558	129	77	1	1.47e-13	75.9	S.purpuratus_LOC753062_zinc_transporter_ZIP10like_isoform_X2
S.purpuratus_LOC763759_zinc_transporter_ZIP14	30.811	185	102	5	2.22e-13	74.7	S.purpuratus_LOC763759_zinc_transporter_ZIP14
F.catus_SLC39A14_metal_cation_symporter_ZIP14_isoform_X1	31.000	200	118	4	2.27e-13	75.1	F.catus_SLC39A14_metal_cation_symporter_ZIP14_isoform_X1
S.canicula_slc39a14_metal_cation_symporter_ZIP14_isoform_X3	30.769	208	118	5	2.47e-13	74.7	S.canicula_slc39a14_metal_cation_symporter_ZIP14_isoform_X3
S.purpuratus_LOC587958_zinc_transporter_ZIP12	26.087	368	215	14	2.73e-13	75.1	S.purpuratus_LOC587958_zinc_transporter_ZIP12
B.belcheri_LOC109474127_PREDICTED_zinc_transporter_ZIP12like	29.412	153	95	3	3.07e-13	74.7	B.belcheri_LOC109474127_PREDICTED_zinc_transporter_ZIP12like
S.townsendi_SLC39A14_metal_cation_symporter_ZIP14	24.022	358	192	12	4.88e-13	73.9	S.townsendi_SLC39A14_metal_cation_symporter_ZIP14
C.carpio_slc39a4_zinc_transporter_ZIP4	27.703	296	164	11	6.50e-13	73.9	C.carpio_slc39a4_zinc_transporter_ZIP4
C.carpio_LOC109075994_metal_cation_symporter_ZIP14like_isoform_X1	31.977	172	98	3	6.88e-13	73.6	C.carpio_LOC109075994_metal_cation_symporter_ZIP14like_isoform_X1
B.belcheri_LOC109466857_PREDICTED_zinc_transporter_ZIP12like	36.290	124	67	2	7.12e-13	73.9	B.belcheri_LOC109466857_PREDICTED_zinc_transporter_ZIP12like
D.rerio_slc39a14_metal_cation_symporter_ZIP14_precursor	35.556	135	76	2	7.42e-13	73.6	D.rerio_slc39a14_metal_cation_symporter_ZIP14_precursor
X.laevis_slc39a8.L_metal_cation_symporter_ZIP8	25.077	323	162	11	9.04e-13	73.2	X.laevis_slc39a8.L_metal_cation_symporter_ZIP8
X.laevis_slc39a6.S_zinc_transporter_ZIP6	30.323	155	92	4	9.36e-13	73.6	X.laevis_slc39a6.S_zinc_transporter_ZIP6
C.carpio_LOC109065704_metal_cation_symporter_ZIP14_isoform_X1	38.333	120	63	2	1.02e-12	72.8	C.carpio_LOC109065704_metal_cation_symporter_ZIP14_isoform_X1
C.mydas_SLC39A8_metal_cation_symporter_ZIP8	23.684	342	190	10	1.13e-12	72.8	C.mydas_SLC39A8_metal_cation_symporter_ZIP8
B.belcheri_LOC109467687_PREDICTED_zinc_transporter_ZIP6like	23.513	353	207	8	1.22e-12	73.2	B.belcheri_LOC109467687_PREDICTED_zinc_transporter_ZIP6like
G.gangeticus_SLC39A8_PREDICTED_zinc_transporter_ZIP8	25.088	283	147	8	1.62e-12	72.4	G.gangeticus_SLC39A8_PREDICTED_zinc_transporter_ZIP8
F.catus_SLC39A8_metal_cation_symporter_ZIP8	24.691	324	182	10	2.50e-12	71.6	F.catus_SLC39A8_metal_cation_symporter_ZIP8
S.purpuratus_LOC115927289_zinc_transporter_ZIP12like	27.134	328	193	12	3.89e-12	71.6	S.purpuratus_LOC115927289_zinc_transporter_ZIP12like
S.kowalevskii_LOC100374566_PREDICTED_zinc_transporter_ZIP12like	32.051	156	90	2	4.42e-12	71.2	S.kowalevskii_LOC100374566_PREDICTED_zinc_transporter_ZIP12like
S.kowalevskii_LOC100367733_PREDICTED_zinc_transporter_ZIP12like	23.837	344	180	12	4.54e-12	71.2	S.kowalevskii_LOC100367733_PREDICTED_zinc_transporter_ZIP12like
X.laevis_slc39a8.S_metal_cation_symporter_ZIP8	25.566	309	180	9	4.65e-12	70.9	X.laevis_slc39a8.S_metal_cation_symporter_ZIP8
S.purpuratus_LOC115921546_zinc_transporter_ZIP14like	32.331	133	78	3	8.99e-12	65.9	S.purpuratus_LOC115921546_zinc_transporter_ZIP14like
S.purpuratus_LOC582410_zinc_transporter_ZIP12	29.839	124	77	2	1.23e-11	70.1	S.purpuratus_LOC582410_zinc_transporter_ZIP12
G.aculeatus_slc39a8_metal_cation_symporter_ZIP8_isoform_X2	30.814	172	96	5	1.57e-11	69.3	G.aculeatus_slc39a8_metal_cation_symporter_ZIP8_isoform_X2
G.gallus_SLC39A8_metal_cation_symporter_ZIP8_isoform_X3	34.483	145	65	3	1.79e-11	69.3	G.gallus_SLC39A8_metal_cation_symporter_ZIP8_isoform_X3
S.townsendi_SLC39A8_metal_cation_symporter_ZIP8	33.835	133	77	2	2.07e-11	68.9	S.townsendi_SLC39A8_metal_cation_symporter_ZIP8
G.gangeticus_SLC39A5_PREDICTED_zinc_transporter_ZIP5_isoform_X2	28.090	267	146	8	2.36e-11	68.9	G.gangeticus_SLC39A5_PREDICTED_zinc_transporter_ZIP5_isoform_X2
G.gallus_SLC39A5_zinc_transporter_ZIP5	32.308	260	138	10	2.70e-11	68.9	G.gallus_SLC39A5_zinc_transporter_ZIP5
E.caballus_SLC39A5_zinc_transporter_ZIP5_isoform_X1	39.844	128	68	2	3.66e-11	68.2	E.caballus_SLC39A5_zinc_transporter_ZIP5_isoform_X1
H.sapiens_SLC39A5_zinc_transporter_ZIP5_precursor	39.062	128	69	2	8.19e-11	67.4	H.sapiens_SLC39A5_zinc_transporter_ZIP5_precursor
F.catus_SLC39A5_zinc_transporter_ZIP5	39.844	128	68	2	1.02e-10	67.0	F.catus_SLC39A5_zinc_transporter_ZIP5
S.kowalevskii_LOC102802116_PREDICTED_zinc_transporter_ZIP14like	31.061	132	79	2	1.15e-10	63.2	S.kowalevskii_LOC102802116_PREDICTED_zinc_transporter_ZIP14like
H.sapiens_SLC39A8_metal_cation_symporter_ZIP8_isoform_b_precursor	25.157	318	177	9	1.37e-10	66.2	H.sapiens_SLC39A8_metal_cation_symporter_ZIP8_isoform_b_precursor
E.caballus_SLC39A8_zinc_transporter_ZIP8_isoform_X1	23.565	331	189	8	1.47e-10	66.2	E.caballus_SLC39A8_zinc_transporter_ZIP8_isoform_X1
C.carpio_slc39a8_metal_cation_symporter_ZIP8	22.513	382	226	12	4.26e-10	64.7	C.carpio_slc39a8_metal_cation_symporter_ZIP8
S.kowalevskii_LOC100373486_PREDICTED_zinc_transporter_ZIP14like	29.286	140	89	3	1.21e-09	63.5	S.kowalevskii_LOC100373486_PREDICTED_zinc_transporter_ZIP14like
D.rerio_slc39a8_zinc_transporter_ZIP8	30.075	133	82	2	3.12e-09	62.0	D.rerio_slc39a8_zinc_transporter_ZIP8
D.rerio_LOC103908772_zinc_transporter_ZIP8like	31.538	130	78	1	1.55e-08	60.1	D.rerio_LOC103908772_zinc_transporter_ZIP8like
C.carpio_LOC109048523_LOW_QUALITY_PROTEIN_zinc_transporter_ZIP10	24.643	280	140	10	1.68e-07	57.0	C.carpio_LOC109048523_LOW_QUALITY_PROTEIN_zinc_transporter_ZIP10
X.laevis_slc39a9.L_zinc_transporter_ZIP9B	25.000	212	120	6	0.002	43.9	X.laevis_slc39a9.L_zinc_transporter_ZIP9B
C.carpio_LOC109107289_zinc_transporter_ZIP9like	25.943	212	116	7	0.002	43.5	C.carpio_LOC109107289_zinc_transporter_ZIP9like
D.rerio_slc39a9_zinc_transporter_ZIP9	26.214	206	111	7	0.002	43.5	D.rerio_slc39a9_zinc_transporter_ZIP9
S.salar_LOC106611442_zinc_transporter_ZIP9_isoform_X1	29.286	140	82	4	0.003	43.1	S.salar_LOC106611442_zinc_transporter_ZIP9_isoform_X1
P.marinus_SLC39A9_NA	27.632	152	97	5	0.003	43.5	P.marinus_SLC39A9_NA
C.carpio_LOC122140202_zinc_transporter_ZIP9_isoform_X1	26.316	209	110	8	0.005	42.4	C.carpio_LOC122140202_zinc_transporter_ZIP9_isoform_X1
C.carcharias_slc39a9_zinc_transporter_ZIP9	24.299	214	120	7	0.006	42.4	C.carcharias_slc39a9_zinc_transporter_ZIP9
X.laevis_slc39a9.S_zinc_transporter_ZIP9A	24.528	212	121	5	0.006	42.0	X.laevis_slc39a9.S_zinc_transporter_ZIP9A
S.canicula_slc39a9_zinc_transporter_ZIP9	28.571	140	82	5	0.008	42.0	S.canicula_slc39a9_zinc_transporter_ZIP9
S.salar_slc39a9_zinc_transporter_ZIP9	29.496	139	80	5	0.015	40.8	S.salar_slc39a9_zinc_transporter_ZIP9
B.belcheri_LOC109479174_PREDICTED_zinc_transporter_ZIP9Blike	30.909	110	62	3	0.016	40.8	B.belcheri_LOC109479174_PREDICTED_zinc_transporter_ZIP9Blike
G.gallus_SLC39A9_zinc_transporter_ZIP9_isoform_X1	30.435	115	65	3	0.019	40.8	G.gallus_SLC39A9_zinc_transporter_ZIP9_isoform_X1
E.caballus_SLC39A9_zinc_transporter_ZIP9_isoform_X1	30.435	115	65	3	0.023	40.4	E.caballus_SLC39A9_zinc_transporter_ZIP9_isoform_X1
F.catus_SLC39A9_zinc_transporter_ZIP9	30.435	115	65	4	0.027	40.0	F.catus_SLC39A9_zinc_transporter_ZIP9
H.sapiens_SLC39A9_zinc_transporter_ZIP9_isoform_3	30.435	115	65	3	0.028	40.0	H.sapiens_SLC39A9_zinc_transporter_ZIP9_isoform_3
G.aculeatus_slc39a9_zinc_transporter_ZIP9	30.370	135	84	4	0.030	40.0	G.aculeatus_slc39a9_zinc_transporter_ZIP9
G.gangeticus_SLC39A9_PREDICTED_zinc_transporter_ZIP9	30.435	115	65	3	0.041	39.7	G.gangeticus_SLC39A9_PREDICTED_zinc_transporter_ZIP9
C.mydas_SLC39A9_zinc_transporter_ZIP9_isoform_X2	30.435	115	65	3	0.041	39.7	C.mydas_SLC39A9_zinc_transporter_ZIP9_isoform_X2
S.purpuratus_LOC587373_zinc_transporter_ZIP9	25.974	154	95	5	0.061	39.3	S.purpuratus_LOC587373_zinc_transporter_ZIP9
D.rerio_LOC571446_zinc_transporter_ZIP9Blike	31.776	107	67	3	0.088	38.5	D.rerio_LOC571446_zinc_transporter_ZIP9Blike
G.aculeatus_LOC120820508_zinc_transporter_ZIP9	28.696	115	73	4	0.17	37.7	G.aculeatus_LOC120820508_zinc_transporter_ZIP9
S.salar_LOC106589962_zinc_transporter_ZIP9	32.609	92	54	3	0.18	37.7	S.salar_LOC106589962_zinc_transporter_ZIP9
S.salar_LOC106578764_zinc_transporter_ZIP9like_isoform_X1	30.435	115	71	4	0.18	37.7	S.salar_LOC106578764_zinc_transporter_ZIP9like_isoform_X1
S.townsendi_SLC39A9_zinc_transporter_ZIP9	29.091	110	64	2	0.18	37.4	S.townsendi_SLC39A9_zinc_transporter_ZIP9
P.marinus_TMEM117_NA	22.047	127	93	2	0.26	37.4	P.marinus_TMEM117_NA
S.kowalevskii_LOC100372010_PREDICTED_zinc_transporter_ZIP9like	29.008	131	81	6	0.31	37.0	S.kowalevskii_LOC100372010_PREDICTED_zinc_transporter_ZIP9like
X.laevis_s1pr4.S_sphingosine_1phosphate_receptor_4	28.947	114	73	3	0.54	36.2	X.laevis_s1pr4.S_sphingosine_1phosphate_receptor_4
H.sapiens_SLC39A11_zinc_transporter_ZIP11_isoform_X8	28.804	184	95	9	0.76	35.8	H.sapiens_SLC39A11_zinc_transporter_ZIP11_isoform_X8
X.laevis_MGC53199_uncharacterized_protein_LOC379242	28.319	113	76	2	1.2	35.0	X.laevis_MGC53199_uncharacterized_protein_LOC379242
X.laevis_LOC108717698_zinc_transporter_ZIP9	28.070	114	75	3	1.6	34.7	X.laevis_LOC108717698_zinc_transporter_ZIP9
C.carpio_LOC109100702_zinc_transporter_ZIP9Blike	30.682	88	55	2	2.1	34.3	C.carpio_LOC109100702_zinc_transporter_ZIP9Blike
S.salar_s39ab_zinc_transporter_SLC39A11_isoform_X3	27.152	151	85	5	2.7	33.9	S.salar_s39ab_zinc_transporter_SLC39A11_isoform_X3
C.carpio_LOC109101012_LOW_QUALITY_PROTEIN_zinc_transporter_ZIP9B	29.885	87	57	2	2.8	33.9	C.carpio_LOC109101012_LOW_QUALITY_PROTEIN_zinc_transporter_ZIP9B
D.rerio_gckr_glucokinase_regulatory_protein	27.083	96	59	2	4.7	33.5	D.rerio_gckr_glucokinase_regulatory_protein
S.purpuratus_LOC100893825_zinc_transporter_ZIP10	30.000	70	44	2	5.9	31.2	S.purpuratus_LOC100893825_zinc_transporter_ZIP10
G.gallus_SLC39A11_zinc_transporter_ZIP11_isoform_X1	29.008	131	69	6	7.5	32.7	G.gallus_SLC39A11_zinc_transporter_ZIP11_isoform_X1
C.carcharias_LOC121290609_bromodomain_and_WD_repeatcontaining_pro	31.250	80	50	3	8.1	32.7	C.carcharias_LOC121290609_bromodomain_and_WD_repeatcontaining_pro
F.catus_SLC39A11_zinc_transporter_ZIP11_isoform_X9	29.412	153	75	7	9.5	32.3	F.catus_SLC39A11_zinc_transporter_ZIP11_isoform_X9
X.laevis_s1pr4.L_sphingosine_1phosphate_receptor_4	28.070	114	74	3	9.6	32.3	X.laevis_s1pr4.L_sphingosine_1phosphate_receptor_4
X.laevis_slc39a1.L_zinc_transporter_ZIP1	20.351	285	197	10	9.9	32.0	X.laevis_slc39a1.L_zinc_transporter_ZIP1
