H.sapiens_SLC39A13_zinc_transporter_ZIP13_isoform_X1
E.caballus_SLC39A13_zinc_transporter_ZIP13_isoform_X1
G.gangeticus_SLC39A13_PREDICTED_zinc_transporter_ZIP13
S.townsendi_SLC39A13_zinc_transporter_ZIP13
F.catus_SLC39A13_zinc_transporter_ZIP13_isoform_X1
C.mydas_SLC39A13_zinc_transporter_ZIP13
X.laevis_slc39a13.L_zinc_transporter_ZIP13_isoform_X1
C.carcharias_slc39a13_zinc_transporter_ZIP13
X.laevis_slc39a13.S_zinc_transporter_ZIP13
S.canicula_slc39a13_zinc_transporter_ZIP13
C.carpio_LOC109094209_zinc_transporter_ZIP13_isoform_X1
S.salar_slc39a13_zinc_transporter_ZIP13_precursor
D.rerio_slc39a13_zinc_transporter_ZIP13
C.carpio_LOC109093802_zinc_transporter_ZIP13like_isoform_X1
S.salar_LOC106563524_zinc_transporter_ZIP13_isoform_X2
G.aculeatus_slc39a13_zinc_transporter_ZIP13_isoform_X2
P.marinus_SLC39A13_NA
G.gallus_SLC39A13_zinc_transporter_ZIP13_isoform_X1
B.belcheri_LOC109463185_PREDICTED_LOW_QUALITY_PROTEIN_zinc_transp
X.laevis_slc39a7.L_solute_carrier_family_39_member_7_L_homeolog_i
S.townsendi_SLC39A7_zinc_transporter_SLC39A7
X.laevis_slc39a7.S_zinc_transporter_SLC39A7_isoform_X1
C.carcharias_LOC121291098_zinc_transporter_SLC39A7like_isoform_X2
S.canicula_slc39a7_zinc_transporter_Slc39a7_isoform_X1
C.mydas_SLC39A7_zinc_transporter_SLC39A7_isoform_X1
S.salar_ke4_zinc_transporter_SLC39A7_precursor
S.purpuratus_LOC584043_zinc_transporter_ZIP13_isoform_X1
D.rerio_slc39a7_zinc_transporter_Slc39a7_precursor
S.salar_slc39a7_zinc_transporter_Slc39a7
C.carpio_LOC109056796_zinc_transporter_Slc39a7
F.catus_SLC39A7_zinc_transporter_SLC39A7_isoform_X1
H.sapiens_SLC39A7_zinc_transporter_SLC39A7_isoform_1_precursor
H.sapiens_SLC39A7_zinc_transporter_SLC39A7_isoform_1_precursor
H.sapiens_SLC39A7_zinc_transporter_SLC39A7_isoform_1_precursor
H.sapiens_SLC39A7_zinc_transporter_SLC39A7_isoform_1_precursor
H.sapiens_SLC39A7_zinc_transporter_SLC39A7_isoform_1_precursor
H.sapiens_SLC39A7_zinc_transporter_SLC39A7_isoform_1_precursor
B.belcheri_LOC109482456_PREDICTED_protein_catecholamines_uplike
C.carpio_LOC109044923_zinc_transporter_Slc39a7like_isoform_X2
E.caballus_SLC39A7_zinc_transporter_SLC39A7_isoform_X1
S.kowalevskii_LOC100372977_PREDICTED_LOW_QUALITY_PROTEIN_zinc_tra
S.purpuratus_LOC582713_protein_catecholamines_up
P.marinus_SLC39A7_NA
S.kowalevskii_LOC102808884_PREDICTED_zinc_transporter_ZIP13like
